0 info it worked if it ends with ok
1 verbose cli [ 'node',
1 verbose cli   'c:\\Users\\Administrator\\AppData\\Roaming\\npm\\node_modules\\cnpm\\node_modules\\npm\\bin\\npm-cli.js',
1 verbose cli   '--userconfig=C:\\Users\\Administrator\\.cnpmrc',
1 verbose cli   '--disturl=https://npm.taobao.org/mirrors/node',
1 verbose cli   '--cache=C:\\Users\\Administrator\\.cnpm',
1 verbose cli   '--registry=https://registry.npm.taobao.org',
1 verbose cli   '--node-gyp=c:\\Users\\Administrator\\AppData\\Roaming\\npm\\node_modules\\cnpm\\node_modules\\pangyp\\bin\\node-gyp.js',
1 verbose cli   'install',
1 verbose cli   'bcrypt',
1 verbose cli   '--save' ]
2 info using npm@2.7.6
3 info using node@v0.12.2
4 verbose install initial load of d:\workspace\IDEA\artpartner\package.json
5 verbose installManyTop reading scoped package data from d:\workspace\IDEA\artpartner\node_modules\body-parser\package.json
6 verbose installManyTop reading scoped package data from d:\workspace\IDEA\artpartner\node_modules\cookie-parser\package.json
7 verbose installManyTop reading scoped package data from d:\workspace\IDEA\artpartner\node_modules\debug\package.json
8 verbose installManyTop reading scoped package data from d:\workspace\IDEA\artpartner\node_modules\ejs\package.json
9 verbose installManyTop reading scoped package data from d:\workspace\IDEA\artpartner\node_modules\express\package.json
10 verbose installManyTop reading scoped package data from d:\workspace\IDEA\artpartner\node_modules\express-generator\package.json
11 verbose installManyTop reading scoped package data from d:\workspace\IDEA\artpartner\node_modules\express-session\package.json
12 verbose installManyTop reading scoped package data from d:\workspace\IDEA\artpartner\node_modules\jade\package.json
13 verbose installManyTop reading scoped package data from d:\workspace\IDEA\artpartner\node_modules\moment\package.json
14 verbose installManyTop reading scoped package data from d:\workspace\IDEA\artpartner\node_modules\morgan\package.json
15 verbose installManyTop reading scoped package data from d:\workspace\IDEA\artpartner\node_modules\mysql\package.json
16 verbose installManyTop reading scoped package data from d:\workspace\IDEA\artpartner\node_modules\qs\package.json
17 verbose installManyTop reading scoped package data from d:\workspace\IDEA\artpartner\node_modules\static-favicon\package.json
18 verbose readDependencies loading dependencies from d:\workspace\IDEA\artpartner\package.json
19 silly cache add args [ 'bcrypt', null ]
20 verbose cache add spec bcrypt
21 silly cache add parsed spec { raw: 'bcrypt',
21 silly cache add   scope: null,
21 silly cache add   name: 'bcrypt',
21 silly cache add   rawSpec: '',
21 silly cache add   spec: '*',
21 silly cache add   type: 'range' }
22 silly addNamed bcrypt@*
23 verbose addNamed "*" is a valid semver range for bcrypt
24 silly addNameRange { name: 'bcrypt', range: '*', hasData: false }
25 silly mapToRegistry name bcrypt
26 silly mapToRegistry using default registry
27 silly mapToRegistry registry https://registry.npm.taobao.org/
28 silly mapToRegistry uri https://registry.npm.taobao.org/bcrypt
29 verbose addNameRange registry:https://registry.npm.taobao.org/bcrypt not in flight; fetching
30 verbose request uri https://registry.npm.taobao.org/bcrypt
31 verbose request no auth needed
32 info attempt registry request try #1 at 14:29:46
33 verbose request id efb54cd3c7e4e0e9
34 verbose etag "135e2-5SE9df8NWFp2QUolSY8JLA"
35 http request GET https://registry.npm.taobao.org/bcrypt
36 http 200 https://registry.npm.taobao.org/bcrypt
37 silly get cb [ 200,
37 silly get   { server: 'nginx/1.1.19',
37 silly get     date: 'Sat, 26 Sep 2015 06:29:49 GMT',
37 silly get     'content-type': 'application/json; charset=utf-8',
37 silly get     'transfer-encoding': 'chunked',
37 silly get     connection: 'keep-alive',
37 silly get     etag: '"1439427874000"',
37 silly get     'x-readtime': '80',
37 silly get     'content-encoding': 'gzip' } ]
38 verbose get saving bcrypt to C:\Users\Administrator\.cnpm\registry.npm.taobao.org\bcrypt\.cache.json
39 silly addNameRange number 2 { name: 'bcrypt', range: '*', hasData: true }
40 silly addNameRange versions [ 'bcrypt',
40 silly addNameRange   [ '0.8.5',
40 silly addNameRange     '0.8.4',
40 silly addNameRange     '0.8.3',
40 silly addNameRange     '0.8.2',
40 silly addNameRange     '0.8.1',
40 silly addNameRange     '0.8.0',
40 silly addNameRange     '0.7.8',
40 silly addNameRange     '0.7.7',
40 silly addNameRange     '0.7.6',
40 silly addNameRange     '0.7.5',
40 silly addNameRange     '0.7.4',
40 silly addNameRange     '0.7.3',
40 silly addNameRange     '0.7.2',
40 silly addNameRange     '0.7.1',
40 silly addNameRange     '0.7.0',
40 silly addNameRange     '0.6.0',
40 silly addNameRange     '0.5.0',
40 silly addNameRange     '0.4.1',
40 silly addNameRange     '0.4.0',
40 silly addNameRange     '0.3.2',
40 silly addNameRange     '0.3.1',
40 silly addNameRange     '0.3.0',
40 silly addNameRange     '0.2.4',
40 silly addNameRange     '0.2.3',
40 silly addNameRange     '0.2.2',
40 silly addNameRange     '0.1.3',
40 silly addNameRange     '0.2.1',
40 silly addNameRange     '0.2.0',
40 silly addNameRange     '0.1.2' ] ]
41 silly addNamed bcrypt@0.8.5
42 verbose addNamed "0.8.5" is a plain semver version for bcrypt
43 silly cache afterAdd bcrypt@0.8.5
44 verbose afterAdd C:\Users\Administrator\.cnpm\bcrypt\0.8.5\package\package.json not in flight; writing
45 verbose afterAdd C:\Users\Administrator\.cnpm\bcrypt\0.8.5\package\package.json written
46 silly install resolved [ { name: 'bcrypt',
46 silly install resolved     description: 'A bcrypt library for NodeJS.',
46 silly install resolved     keywords:
46 silly install resolved      [ 'bcrypt',
46 silly install resolved        'password',
46 silly install resolved        'auth',
46 silly install resolved        'authentication',
46 silly install resolved        'encryption',
46 silly install resolved        'crypt',
46 silly install resolved        'crypto' ],
46 silly install resolved     main: './bcrypt',
46 silly install resolved     version: '0.8.5',
46 silly install resolved     author: { name: 'Nick Campbell', url: 'https://github.com/ncb000gt' },
46 silly install resolved     engines: { node: '>= 0.6.0' },
46 silly install resolved     repository:
46 silly install resolved      { type: 'git',
46 silly install resolved        url: 'git+https://github.com/ncb000gt/node.bcrypt.js.git' },
46 silly install resolved     license: 'MIT',
46 silly install resolved     bugs: { url: 'https://github.com/ncb000gt/node.bcrypt.js/issues' },
46 silly install resolved     scripts:
46 silly install resolved      { test: 'node-gyp configure build && nodeunit test',
46 silly install resolved        install: 'node-gyp rebuild' },
46 silly install resolved     dependencies: { bindings: '1.2.1', nan: '2.0.5' },
46 silly install resolved     devDependencies: { nodeunit: '~0.9.1' },
46 silly install resolved     contributors:
46 silly install resolved      [ [Object],
46 silly install resolved        [Object],
46 silly install resolved        [Object],
46 silly install resolved        [Object],
46 silly install resolved        [Object],
46 silly install resolved        [Object],
46 silly install resolved        [Object],
46 silly install resolved        [Object],
46 silly install resolved        [Object],
46 silly install resolved        [Object],
46 silly install resolved        [Object],
46 silly install resolved        [Object],
46 silly install resolved        [Object],
46 silly install resolved        [Object] ],
46 silly install resolved     gypfile: true,
46 silly install resolved     gitHead: '5d97708f06754d7d7989c67ba867002d10013615',
46 silly install resolved     homepage: 'https://github.com/ncb000gt/node.bcrypt.js#readme',
46 silly install resolved     _id: 'bcrypt@0.8.5',
46 silly install resolved     _shasum: '8e5b81b4db80e944f440005979ca8d58a961861d',
46 silly install resolved     _from: 'bcrypt@*',
46 silly install resolved     _npmVersion: '2.13.3',
46 silly install resolved     _nodeVersion: '3.0.0',
46 silly install resolved     _npmUser: { name: 'defunctzombie', email: 'shtylman@gmail.com' },
46 silly install resolved     dist:
46 silly install resolved      { shasum: '8e5b81b4db80e944f440005979ca8d58a961861d',
46 silly install resolved        size: 24859,
46 silly install resolved        noattachment: false,
46 silly install resolved        tarball: 'http://registry.npm.taobao.org/bcrypt/download/bcrypt-0.8.5.tgz' },
46 silly install resolved     maintainers: [ [Object], [Object], [Object], [Object] ],
46 silly install resolved     directories: {},
46 silly install resolved     publish_time: 1439417515229,
46 silly install resolved     _cnpm_publish_time: 1439417515229,
46 silly install resolved     _resolved: 'https://registry.npm.taobao.org/bcrypt/download/bcrypt-0.8.5.tgz',
46 silly install resolved     readme: 'ERROR: No README data found!' } ]
47 info install bcrypt@0.8.5 into d:\workspace\IDEA\artpartner
48 info installOne bcrypt@0.8.5
49 verbose installOne of bcrypt to d:\workspace\IDEA\artpartner not in flight; installing
50 verbose lock using C:\Users\Administrator\.cnpm\_locks\bcrypt-084f9ca2f3add444.lock for d:\workspace\IDEA\artpartner\node_modules\bcrypt
51 silly install write writing bcrypt 0.8.5 to d:\workspace\IDEA\artpartner\node_modules\bcrypt
52 verbose unbuild node_modules\bcrypt
53 silly gentlyRm d:\workspace\IDEA\artpartner\node_modules\bcrypt is being purged from base d:\workspace\IDEA\artpartner
54 verbose gentlyRm don't care about contents; nuking d:\workspace\IDEA\artpartner\node_modules\bcrypt
55 verbose tar unpack C:\Users\Administrator\.cnpm\bcrypt\0.8.5\package.tgz
56 verbose tar unpacking to d:\workspace\IDEA\artpartner\node_modules\bcrypt
57 silly gentlyRm d:\workspace\IDEA\artpartner\node_modules\bcrypt is being purged
58 verbose gentlyRm don't care about contents; nuking d:\workspace\IDEA\artpartner\node_modules\bcrypt
59 silly gunzTarPerm modes [ '777', '666' ]
60 silly gunzTarPerm extractEntry package.json
61 silly gunzTarPerm modified mode [ 'package.json', 420, 438 ]
62 silly gunzTarPerm extractEntry .npmignore
63 silly gunzTarPerm modified mode [ '.npmignore', 420, 438 ]
64 silly gunzTarPerm extractEntry README.md
65 silly gunzTarPerm modified mode [ 'README.md', 420, 438 ]
66 silly gunzTarPerm extractEntry LICENSE
67 silly gunzTarPerm modified mode [ 'LICENSE', 420, 438 ]
68 silly gunzTarPerm extractEntry bcrypt.js
69 silly gunzTarPerm modified mode [ 'bcrypt.js', 420, 438 ]
70 silly gunzTarPerm extractEntry binding.gyp
71 silly gunzTarPerm modified mode [ 'binding.gyp', 420, 438 ]
72 silly gunzTarPerm extractEntry .travis.yml
73 silly gunzTarPerm modified mode [ '.travis.yml', 420, 438 ]
74 silly gunzTarPerm extractEntry CHANGELOG.md
75 silly gunzTarPerm modified mode [ 'CHANGELOG.md', 420, 438 ]
76 silly gunzTarPerm extractEntry examples/async_compare.js
77 silly gunzTarPerm modified mode [ 'examples/async_compare.js', 420, 438 ]
78 silly gunzTarPerm extractEntry examples/forever_gen_salt.js
79 silly gunzTarPerm modified mode [ 'examples/forever_gen_salt.js', 420, 438 ]
80 silly gunzTarPerm extractEntry test/async.js
81 silly gunzTarPerm modified mode [ 'test/async.js', 420, 438 ]
82 silly gunzTarPerm extractEntry test/repetitions.js
83 silly gunzTarPerm modified mode [ 'test/repetitions.js', 420, 438 ]
84 silly gunzTarPerm extractEntry test/sync.js
85 silly gunzTarPerm modified mode [ 'test/sync.js', 420, 438 ]
86 silly gunzTarPerm extractEntry Makefile
87 silly gunzTarPerm modified mode [ 'Makefile', 420, 438 ]
88 silly gunzTarPerm extractEntry src/bcrypt.cc
89 silly gunzTarPerm modified mode [ 'src/bcrypt.cc', 420, 438 ]
90 silly gunzTarPerm extractEntry src/bcrypt_node.cc
91 silly gunzTarPerm modified mode [ 'src/bcrypt_node.cc', 420, 438 ]
92 silly gunzTarPerm extractEntry src/blowfish.cc
93 silly gunzTarPerm modified mode [ 'src/blowfish.cc', 420, 438 ]
94 silly gunzTarPerm extractEntry src/node_blf.h
95 silly gunzTarPerm modified mode [ 'src/node_blf.h', 420, 438 ]
96 silly gunzTarPerm extractEntry werker.yml
97 silly gunzTarPerm modified mode [ 'werker.yml', 420, 438 ]
98 verbose write writing to d:\workspace\IDEA\artpartner\node_modules\bcrypt\package.json
99 info preinstall bcrypt@0.8.5
100 verbose readDependencies loading dependencies from d:\workspace\IDEA\artpartner\node_modules\bcrypt\package.json
101 silly prepareForInstallMany adding bindings@1.2.1 from bcrypt dependencies
102 silly prepareForInstallMany adding nan@2.0.5 from bcrypt dependencies
103 verbose readDependencies loading dependencies from d:\workspace\IDEA\artpartner\node_modules\bcrypt\package.json
104 silly cache add args [ 'nan@2.0.5', null ]
105 verbose cache add spec nan@2.0.5
106 silly cache add parsed spec { raw: 'nan@2.0.5',
106 silly cache add   scope: null,
106 silly cache add   name: 'nan',
106 silly cache add   rawSpec: '2.0.5',
106 silly cache add   spec: '2.0.5',
106 silly cache add   type: 'version' }
107 silly addNamed nan@2.0.5
108 verbose addNamed "2.0.5" is a plain semver version for nan
109 silly mapToRegistry name nan
110 silly mapToRegistry using default registry
111 silly mapToRegistry registry https://registry.npm.taobao.org/
112 silly mapToRegistry uri https://registry.npm.taobao.org/nan
113 verbose addNameVersion registry:https://registry.npm.taobao.org/nan not in flight; fetching
114 silly cache add args [ 'bindings@1.2.1', null ]
115 verbose cache add spec bindings@1.2.1
116 silly cache add parsed spec { raw: 'bindings@1.2.1',
116 silly cache add   scope: null,
116 silly cache add   name: 'bindings',
116 silly cache add   rawSpec: '1.2.1',
116 silly cache add   spec: '1.2.1',
116 silly cache add   type: 'version' }
117 silly addNamed bindings@1.2.1
118 verbose addNamed "1.2.1" is a plain semver version for bindings
119 silly mapToRegistry name bindings
120 silly mapToRegistry using default registry
121 silly mapToRegistry registry https://registry.npm.taobao.org/
122 silly mapToRegistry uri https://registry.npm.taobao.org/bindings
123 verbose addNameVersion registry:https://registry.npm.taobao.org/bindings not in flight; fetching
124 verbose request uri https://registry.npm.taobao.org/nan
125 verbose request no auth needed
126 info attempt registry request try #1 at 14:29:47
127 verbose etag "1441754244000"
128 http request GET https://registry.npm.taobao.org/nan
129 verbose request uri https://registry.npm.taobao.org/bindings
130 verbose request no auth needed
131 info attempt registry request try #1 at 14:29:47
132 verbose etag "4ae3-kLLfQL/eyMtvBRriGkNTSg"
133 http request GET https://registry.npm.taobao.org/bindings
134 http 304 https://registry.npm.taobao.org/nan
135 silly get cb [ 304,
135 silly get   { server: 'nginx/1.1.19',
135 silly get     date: 'Sat, 26 Sep 2015 06:29:49 GMT',
135 silly get     connection: 'keep-alive',
135 silly get     etag: '"1441754244000"',
135 silly get     'x-readtime': '9' } ]
136 verbose etag https://registry.npm.taobao.org/nan from cache
137 verbose get saving nan to C:\Users\Administrator\.cnpm\registry.npm.taobao.org\nan\.cache.json
138 http 200 https://registry.npm.taobao.org/bindings
139 silly get cb [ 200,
139 silly get   { server: 'nginx/1.1.19',
139 silly get     date: 'Sat, 26 Sep 2015 06:29:49 GMT',
139 silly get     'content-type': 'application/json; charset=utf-8',
139 silly get     'transfer-encoding': 'chunked',
139 silly get     connection: 'keep-alive',
139 silly get     etag: '"1404008655000"',
139 silly get     'x-readtime': '22',
139 silly get     'content-encoding': 'gzip' } ]
140 verbose get saving bindings to C:\Users\Administrator\.cnpm\registry.npm.taobao.org\bindings\.cache.json
141 silly mapToRegistry name bindings
142 silly mapToRegistry using default registry
143 silly mapToRegistry registry https://registry.npm.taobao.org/
144 silly mapToRegistry uri https://registry.npm.taobao.org/bindings
145 verbose addRemoteTarball https://registry.npm.taobao.org/bindings/download/bindings-1.2.1.tgz not in flight; adding
146 verbose addRemoteTarball [ 'https://registry.npm.taobao.org/bindings/download/bindings-1.2.1.tgz',
146 verbose addRemoteTarball   '14ad6113812d2d37d72e67b4cacb4bb726505f11' ]
147 silly cache afterAdd nan@2.0.5
148 verbose afterAdd C:\Users\Administrator\.cnpm\nan\2.0.5\package\package.json not in flight; writing
149 info retry fetch attempt 1 at 14:29:47
150 info attempt registry request try #1 at 14:29:47
151 http fetch GET https://registry.npm.taobao.org/bindings/download/bindings-1.2.1.tgz
152 verbose afterAdd C:\Users\Administrator\.cnpm\nan\2.0.5\package\package.json written
153 http fetch 200 https://registry.npm.taobao.org/bindings/download/bindings-1.2.1.tgz
154 silly fetchAndShaCheck shasum 14ad6113812d2d37d72e67b4cacb4bb726505f11
155 verbose addTmpTarball C:\Users\ADMINI~1\AppData\Local\Temp\npm-19248-a859d077\registry.npm.taobao.org\bindings\download\bindings-1.2.1.tgz not in flight; adding
156 verbose addTmpTarball already have metadata; skipping unpack for bindings@1.2.1
157 silly cache afterAdd bindings@1.2.1
158 verbose afterAdd C:\Users\Administrator\.cnpm\bindings\1.2.1\package\package.json not in flight; writing
159 verbose afterAdd C:\Users\Administrator\.cnpm\bindings\1.2.1\package\package.json written
160 silly install resolved [ { name: 'nan',
160 silly install resolved     version: '2.0.5',
160 silly install resolved     description: 'Native Abstractions for Node.js: C++ header for Node 0.8->0.12 compatibility',
160 silly install resolved     main: 'include_dirs.js',
160 silly install resolved     repository: { type: 'git', url: 'git://github.com/nodejs/nan.git' },
160 silly install resolved     scripts:
160 silly install resolved      { test: 'tap --gc test/js/*-test.js',
160 silly install resolved        'rebuild-tests': 'pangyp rebuild --msvs_version=2013 --directory test',
160 silly install resolved        docs: 'doc/.build.sh' },
160 silly install resolved     contributors:
160 silly install resolved      [ [Object],
160 silly install resolved        [Object],
160 silly install resolved        [Object],
160 silly install resolved        [Object],
160 silly install resolved        [Object],
160 silly install resolved        [Object],
160 silly install resolved        [Object] ],
160 silly install resolved     devDependencies:
160 silly install resolved      { bindings: '~1.2.1',
160 silly install resolved        'node-gyp': '~2.0.2',
160 silly install resolved        pangyp: '~2.2.0',
160 silly install resolved        tap: '~0.7.1',
160 silly install resolved        xtend: '~4.0.0' },
160 silly install resolved     license: 'MIT',
160 silly install resolved     gitHead: 'd13a2e9ce762fd130877b53c71d35963fa2cf689',
160 silly install resolved     bugs: { url: 'https://github.com/nodejs/nan/issues' },
160 silly install resolved     homepage: 'https://github.com/nodejs/nan#readme',
160 silly install resolved     _id: 'nan@2.0.5',
160 silly install resolved     _shasum: '365888014be1fd178db0cbfa258edf7b0cb1c408',
160 silly install resolved     _from: 'nan@2.0.5',
160 silly install resolved     _npmVersion: '2.13.3',
160 silly install resolved     _nodeVersion: '3.0.0',
160 silly install resolved     _npmUser: { name: 'kkoopa', email: 'bbyholm@abo.fi' },
160 silly install resolved     maintainers: [ [Object], [Object] ],
160 silly install resolved     dist:
160 silly install resolved      { shasum: '365888014be1fd178db0cbfa258edf7b0cb1c408',
160 silly install resolved        size: 60391,
160 silly install resolved        noattachment: false,
160 silly install resolved        tarball: 'http://registry.npm.taobao.org/nan/download/nan-2.0.5.tgz' },
160 silly install resolved     directories: {},
160 silly install resolved     publish_time: 1439218423186,
160 silly install resolved     _cnpm_publish_time: 1439218423186,
160 silly install resolved     _resolved: 'https://registry.npm.taobao.org/nan/download/nan-2.0.5.tgz',
160 silly install resolved     readme: 'ERROR: No README data found!' },
160 silly install resolved   { name: 'bindings',
160 silly install resolved     description: 'Helper module for loading your native module\'s .node file',
160 silly install resolved     keywords: [ 'native', 'addon', 'bindings', 'gyp', 'waf', 'c', 'c++' ],
160 silly install resolved     version: '1.2.1',
160 silly install resolved     author:
160 silly install resolved      { name: 'Nathan Rajlich',
160 silly install resolved        email: 'nathan@tootallnate.net',
160 silly install resolved        url: 'http://tootallnate.net' },
160 silly install resolved     repository:
160 silly install resolved      { type: 'git',
160 silly install resolved        url: 'git://github.com/TooTallNate/node-bindings.git' },
160 silly install resolved     main: './bindings.js',
160 silly install resolved     bugs: { url: 'https://github.com/TooTallNate/node-bindings/issues' },
160 silly install resolved     homepage: 'https://github.com/TooTallNate/node-bindings',
160 silly install resolved     license: 'MIT',
160 silly install resolved     gitHead: 'e404152ee27f8478ccbc7122ee051246e8e5ec02',
160 silly install resolved     _id: 'bindings@1.2.1',
160 silly install resolved     scripts: {},
160 silly install resolved     _shasum: '14ad6113812d2d37d72e67b4cacb4bb726505f11',
160 silly install resolved     _from: 'bindings@1.2.1',
160 silly install resolved     _npmVersion: '1.4.14',
160 silly install resolved     _npmUser: { name: 'tootallnate', email: 'nathan@tootallnate.net' },
160 silly install resolved     maintainers: [ [Object] ],
160 silly install resolved     dist:
160 silly install resolved      { shasum: '14ad6113812d2d37d72e67b4cacb4bb726505f11',
160 silly install resolved        size: 3625,
160 silly install resolved        noattachment: false,
160 silly install resolved        tarball: 'http://registry.npm.taobao.org/bindings/download/bindings-1.2.1.tgz' },
160 silly install resolved     directories: {},
160 silly install resolved     publish_time: 1403979205303,
160 silly install resolved     _cnpm_publish_time: 1403979205303,
160 silly install resolved     _resolved: 'https://registry.npm.taobao.org/bindings/download/bindings-1.2.1.tgz' } ]
161 info install nan@2.0.5 into d:\workspace\IDEA\artpartner\node_modules\bcrypt
162 info install bindings@1.2.1 into d:\workspace\IDEA\artpartner\node_modules\bcrypt
163 info installOne nan@2.0.5
164 verbose installOne of nan to d:\workspace\IDEA\artpartner\node_modules\bcrypt not in flight; installing
165 info installOne bindings@1.2.1
166 verbose installOne of bindings to d:\workspace\IDEA\artpartner\node_modules\bcrypt not in flight; installing
167 verbose lock using C:\Users\Administrator\.cnpm\_locks\nan-2fc0592b386d7ec7.lock for d:\workspace\IDEA\artpartner\node_modules\bcrypt\node_modules\nan
168 verbose lock using C:\Users\Administrator\.cnpm\_locks\bindings-10d47cf10e57a8c6.lock for d:\workspace\IDEA\artpartner\node_modules\bcrypt\node_modules\bindings
169 silly install write writing nan 2.0.5 to d:\workspace\IDEA\artpartner\node_modules\bcrypt\node_modules\nan
170 silly install write writing bindings 1.2.1 to d:\workspace\IDEA\artpartner\node_modules\bcrypt\node_modules\bindings
171 verbose unbuild node_modules\bcrypt\node_modules\nan
172 verbose unbuild node_modules\bcrypt\node_modules\bindings
173 silly gentlyRm d:\workspace\IDEA\artpartner\node_modules\bcrypt\node_modules\nan is being purged from base d:\workspace\IDEA\artpartner
174 verbose gentlyRm don't care about contents; nuking d:\workspace\IDEA\artpartner\node_modules\bcrypt\node_modules\nan
175 silly gentlyRm d:\workspace\IDEA\artpartner\node_modules\bcrypt\node_modules\bindings is being purged from base d:\workspace\IDEA\artpartner
176 verbose gentlyRm don't care about contents; nuking d:\workspace\IDEA\artpartner\node_modules\bcrypt\node_modules\bindings
177 verbose tar unpack C:\Users\Administrator\.cnpm\nan\2.0.5\package.tgz
178 verbose tar unpacking to d:\workspace\IDEA\artpartner\node_modules\bcrypt\node_modules\nan
179 silly gentlyRm d:\workspace\IDEA\artpartner\node_modules\bcrypt\node_modules\nan is being purged
180 verbose gentlyRm don't care about contents; nuking d:\workspace\IDEA\artpartner\node_modules\bcrypt\node_modules\nan
181 verbose tar unpack C:\Users\Administrator\.cnpm\bindings\1.2.1\package.tgz
182 verbose tar unpacking to d:\workspace\IDEA\artpartner\node_modules\bcrypt\node_modules\bindings
183 silly gentlyRm d:\workspace\IDEA\artpartner\node_modules\bcrypt\node_modules\bindings is being purged
184 verbose gentlyRm don't care about contents; nuking d:\workspace\IDEA\artpartner\node_modules\bcrypt\node_modules\bindings
185 silly gunzTarPerm modes [ '777', '666' ]
186 silly gunzTarPerm modes [ '777', '666' ]
187 silly gunzTarPerm extractEntry package.json
188 silly gunzTarPerm modified mode [ 'package.json', 436, 438 ]
189 silly gunzTarPerm extractEntry package.json
190 silly gunzTarPerm modified mode [ 'package.json', 420, 438 ]
191 silly gunzTarPerm extractEntry README.md
192 silly gunzTarPerm modified mode [ 'README.md', 436, 438 ]
193 silly gunzTarPerm extractEntry include_dirs.js
194 silly gunzTarPerm modified mode [ 'include_dirs.js', 436, 438 ]
195 silly gunzTarPerm extractEntry README.md
196 silly gunzTarPerm modified mode [ 'README.md', 420, 438 ]
197 silly gunzTarPerm extractEntry bindings.js
198 silly gunzTarPerm modified mode [ 'bindings.js', 420, 438 ]
199 silly gunzTarPerm extractEntry nan_converters.h
200 silly gunzTarPerm modified mode [ 'nan_converters.h', 436, 438 ]
201 silly gunzTarPerm extractEntry LICENSE.md
202 silly gunzTarPerm modified mode [ 'LICENSE.md', 436, 438 ]
203 silly gunzTarPerm extractEntry .dntrc
204 silly gunzTarPerm modified mode [ '.dntrc', 436, 438 ]
205 silly gunzTarPerm extractEntry appveyor.yml
206 silly gunzTarPerm modified mode [ 'appveyor.yml', 436, 438 ]
207 verbose write writing to d:\workspace\IDEA\artpartner\node_modules\bcrypt\node_modules\bindings\package.json
208 silly gunzTarPerm extractEntry doc/new.md
209 silly gunzTarPerm modified mode [ 'doc/new.md', 436, 438 ]
210 silly gunzTarPerm extractEntry doc/.build.sh
211 silly gunzTarPerm modified mode [ 'doc/.build.sh', 509, 511 ]
212 silly gunzTarPerm extractEntry doc/buffers.md
213 silly gunzTarPerm modified mode [ 'doc/buffers.md', 436, 438 ]
214 silly gunzTarPerm extractEntry doc/callback.md
215 silly gunzTarPerm modified mode [ 'doc/callback.md', 436, 438 ]
216 silly gunzTarPerm extractEntry doc/converters.md
217 silly gunzTarPerm modified mode [ 'doc/converters.md', 436, 438 ]
218 silly gunzTarPerm extractEntry doc/errors.md
219 silly gunzTarPerm modified mode [ 'doc/errors.md', 436, 438 ]
220 info preinstall bindings@1.2.1
221 verbose readDependencies loading dependencies from d:\workspace\IDEA\artpartner\node_modules\bcrypt\node_modules\bindings\package.json
222 silly gunzTarPerm extractEntry doc/maybe_types.md
223 silly gunzTarPerm modified mode [ 'doc/maybe_types.md', 436, 438 ]
224 silly gunzTarPerm extractEntry doc/methods.md
225 silly gunzTarPerm modified mode [ 'doc/methods.md', 436, 438 ]
226 verbose readDependencies loading dependencies from d:\workspace\IDEA\artpartner\node_modules\bcrypt\node_modules\bindings\package.json
227 silly gunzTarPerm extractEntry doc/asyncworker.md
228 silly gunzTarPerm modified mode [ 'doc/asyncworker.md', 436, 438 ]
229 silly gunzTarPerm extractEntry doc/node_misc.md
230 silly gunzTarPerm modified mode [ 'doc/node_misc.md', 436, 438 ]
231 silly install resolved []
232 verbose about to build d:\workspace\IDEA\artpartner\node_modules\bcrypt\node_modules\bindings
233 info build d:\workspace\IDEA\artpartner\node_modules\bcrypt\node_modules\bindings
234 info linkStuff bindings@1.2.1
235 silly linkStuff bindings@1.2.1 has d:\workspace\IDEA\artpartner\node_modules\bcrypt\node_modules as its parent node_modules
236 silly gunzTarPerm extractEntry doc/persistent.md
237 silly gunzTarPerm modified mode [ 'doc/persistent.md', 436, 438 ]
238 silly gunzTarPerm extractEntry doc/scopes.md
239 silly gunzTarPerm modified mode [ 'doc/scopes.md', 436, 438 ]
240 verbose linkBins bindings@1.2.1
241 verbose linkMans bindings@1.2.1
242 verbose rebuildBundles bindings@1.2.1
243 info install bindings@1.2.1
244 info postinstall bindings@1.2.1
245 verbose unlock done using C:\Users\Administrator\.cnpm\_locks\bindings-10d47cf10e57a8c6.lock for d:\workspace\IDEA\artpartner\node_modules\bcrypt\node_modules\bindings
246 silly gunzTarPerm extractEntry doc/script.md
247 silly gunzTarPerm modified mode [ 'doc/script.md', 436, 438 ]
248 silly gunzTarPerm extractEntry doc/string_bytes.md
249 silly gunzTarPerm modified mode [ 'doc/string_bytes.md', 436, 438 ]
250 silly gunzTarPerm extractEntry doc/v8_internals.md
251 silly gunzTarPerm modified mode [ 'doc/v8_internals.md', 436, 438 ]
252 silly gunzTarPerm extractEntry doc/v8_misc.md
253 silly gunzTarPerm modified mode [ 'doc/v8_misc.md', 436, 438 ]
254 silly gunzTarPerm extractEntry nan.h
255 silly gunzTarPerm modified mode [ 'nan.h', 436, 438 ]
256 silly gunzTarPerm extractEntry nan_callbacks.h
257 silly gunzTarPerm modified mode [ 'nan_callbacks.h', 436, 438 ]
258 silly gunzTarPerm extractEntry nan_callbacks_12_inl.h
259 silly gunzTarPerm modified mode [ 'nan_callbacks_12_inl.h', 436, 438 ]
260 silly gunzTarPerm extractEntry nan_callbacks_pre_12_inl.h
261 silly gunzTarPerm modified mode [ 'nan_callbacks_pre_12_inl.h', 436, 438 ]
262 silly gunzTarPerm extractEntry nan_converters_43_inl.h
263 silly gunzTarPerm modified mode [ 'nan_converters_43_inl.h', 436, 438 ]
264 silly gunzTarPerm extractEntry nan_converters_pre_43_inl.h
265 silly gunzTarPerm modified mode [ 'nan_converters_pre_43_inl.h', 436, 438 ]
266 silly gunzTarPerm extractEntry nan_implementation_12_inl.h
267 silly gunzTarPerm modified mode [ 'nan_implementation_12_inl.h', 436, 438 ]
268 silly gunzTarPerm extractEntry nan_implementation_pre_12_inl.h
269 silly gunzTarPerm modified mode [ 'nan_implementation_pre_12_inl.h', 436, 438 ]
270 silly gunzTarPerm extractEntry nan_maybe_43_inl.h
271 silly gunzTarPerm modified mode [ 'nan_maybe_43_inl.h', 436, 438 ]
272 silly gunzTarPerm extractEntry nan_maybe_pre_43_inl.h
273 silly gunzTarPerm modified mode [ 'nan_maybe_pre_43_inl.h', 436, 438 ]
274 silly gunzTarPerm extractEntry nan_new.h
275 silly gunzTarPerm modified mode [ 'nan_new.h', 436, 438 ]
276 silly gunzTarPerm extractEntry nan_object_wrap.h
277 silly gunzTarPerm modified mode [ 'nan_object_wrap.h', 436, 438 ]
278 silly gunzTarPerm extractEntry nan_persistent_12_inl.h
279 silly gunzTarPerm modified mode [ 'nan_persistent_12_inl.h', 436, 438 ]
280 silly gunzTarPerm extractEntry nan_persistent_pre_12_inl.h
281 silly gunzTarPerm modified mode [ 'nan_persistent_pre_12_inl.h', 436, 438 ]
282 silly gunzTarPerm extractEntry nan_string_bytes.h
283 silly gunzTarPerm modified mode [ 'nan_string_bytes.h', 436, 438 ]
284 silly gunzTarPerm extractEntry nan_weak.h
285 silly gunzTarPerm modified mode [ 'nan_weak.h', 436, 438 ]
286 silly gunzTarPerm extractEntry CHANGELOG.md
287 silly gunzTarPerm modified mode [ 'CHANGELOG.md', 436, 438 ]
288 silly gunzTarPerm extractEntry tools/package.json
289 silly gunzTarPerm modified mode [ 'tools/package.json', 436, 438 ]
290 silly gunzTarPerm extractEntry tools/README.md
291 silly gunzTarPerm modified mode [ 'tools/README.md', 436, 438 ]
292 silly gunzTarPerm extractEntry tools/1to2.js
293 silly gunzTarPerm modified mode [ 'tools/1to2.js', 509, 511 ]
294 verbose write writing to d:\workspace\IDEA\artpartner\node_modules\bcrypt\node_modules\nan\package.json
295 info preinstall nan@2.0.5
296 verbose readDependencies loading dependencies from d:\workspace\IDEA\artpartner\node_modules\bcrypt\node_modules\nan\package.json
297 verbose readDependencies loading dependencies from d:\workspace\IDEA\artpartner\node_modules\bcrypt\node_modules\nan\package.json
298 silly install resolved []
299 verbose about to build d:\workspace\IDEA\artpartner\node_modules\bcrypt\node_modules\nan
300 info build d:\workspace\IDEA\artpartner\node_modules\bcrypt\node_modules\nan
301 info linkStuff nan@2.0.5
302 silly linkStuff nan@2.0.5 has d:\workspace\IDEA\artpartner\node_modules\bcrypt\node_modules as its parent node_modules
303 verbose linkBins nan@2.0.5
304 verbose linkMans nan@2.0.5
305 verbose rebuildBundles nan@2.0.5
306 info install nan@2.0.5
307 info postinstall nan@2.0.5
308 verbose unlock done using C:\Users\Administrator\.cnpm\_locks\nan-2fc0592b386d7ec7.lock for d:\workspace\IDEA\artpartner\node_modules\bcrypt\node_modules\nan
309 verbose about to build d:\workspace\IDEA\artpartner\node_modules\bcrypt
310 info build d:\workspace\IDEA\artpartner\node_modules\bcrypt
311 info linkStuff bcrypt@0.8.5
312 silly linkStuff bcrypt@0.8.5 has d:\workspace\IDEA\artpartner\node_modules as its parent node_modules
313 verbose linkBins bcrypt@0.8.5
314 verbose linkMans bcrypt@0.8.5
315 verbose rebuildBundles bcrypt@0.8.5
316 verbose rebuildBundles [ 'bindings', 'nan' ]
317 info install bcrypt@0.8.5
318 verbose unsafe-perm in lifecycle true
319 info bcrypt@0.8.5 Failed to exec install script
320 verbose unlock done using C:\Users\Administrator\.cnpm\_locks\bcrypt-084f9ca2f3add444.lock for d:\workspace\IDEA\artpartner\node_modules\bcrypt
321 verbose stack Error: bcrypt@0.8.5 install: `node-gyp rebuild`
321 verbose stack Exit status 1
321 verbose stack     at EventEmitter.<anonymous> (c:\Users\Administrator\AppData\Roaming\npm\node_modules\cnpm\node_modules\npm\lib\utils\lifecycle.js:213:16)
321 verbose stack     at EventEmitter.emit (events.js:110:17)
321 verbose stack     at ChildProcess.<anonymous> (c:\Users\Administrator\AppData\Roaming\npm\node_modules\cnpm\node_modules\npm\lib\utils\spawn.js:14:12)
321 verbose stack     at ChildProcess.emit (events.js:110:17)
321 verbose stack     at maybeClose (child_process.js:1015:16)
321 verbose stack     at Process.ChildProcess._handle.onexit (child_process.js:1087:5)
322 verbose pkgid bcrypt@0.8.5
323 verbose cwd d:\workspace\IDEA\artpartner
324 error Windows_NT 6.3.9600
325 error argv "node" "c:\\Users\\Administrator\\AppData\\Roaming\\npm\\node_modules\\cnpm\\node_modules\\npm\\bin\\npm-cli.js" "--userconfig=C:\\Users\\Administrator\\.cnpmrc" "--disturl=https://npm.taobao.org/mirrors/node" "--cache=C:\\Users\\Administrator\\.cnpm" "--registry=https://registry.npm.taobao.org" "--node-gyp=c:\\Users\\Administrator\\AppData\\Roaming\\npm\\node_modules\\cnpm\\node_modules\\pangyp\\bin\\node-gyp.js" "install" "bcrypt" "--save"
326 error node v0.12.2
327 error npm  v2.7.6
328 error code ELIFECYCLE
329 error bcrypt@0.8.5 install: `node-gyp rebuild`
329 error Exit status 1
330 error Failed at the bcrypt@0.8.5 install script 'node-gyp rebuild'.
330 error This is most likely a problem with the bcrypt package,
330 error not with npm itself.
330 error Tell the author that this fails on your system:
330 error     node-gyp rebuild
330 error You can get their info via:
330 error     npm owner ls bcrypt
330 error There is likely additional logging output above.
331 verbose exit [ 1, true ]
332 verbose unbuild node_modules\bcrypt
333 info preuninstall bcrypt@0.8.5
334 info uninstall bcrypt@0.8.5
335 verbose unbuild rmStuff bcrypt@0.8.5 from d:\workspace\IDEA\artpartner\node_modules
336 info postuninstall bcrypt@0.8.5
337 silly gentlyRm d:\workspace\IDEA\artpartner\node_modules\bcrypt is being purged from base d:\workspace\IDEA\artpartner
338 verbose gentlyRm don't care about contents; nuking d:\workspace\IDEA\artpartner\node_modules\bcrypt
339 silly vacuum-fs purging d:\workspace\IDEA\artpartner\node_modules\bcrypt
340 silly vacuum-fs quitting because other entries in d:\workspace\IDEA\artpartner\node_modules
